<?xml version="1.0" encoding="UTF-8"?>
<!-- Generated by org.testng.reporters.JUnitReportReporter -->
<testsuite hostname="MacBook-Pro.local" failures="0" tests="3" name="pageTest.LoginPageTest" time="30.746" errors="1" timestamp="2023-04-13T01:50:57 EDT" skipped="2">
  <testcase classname="pageTest.LoginPageTest" name="beforeTest" time="30.746">
    <error message="unknown error: Chrome failed to start: was killed.
  (chrome not reachable)
  (The process started from chrome location /Applications/Google Chrome.app/Contents/MacOS/Google Chrome is no longer running, so ChromeDriver is assuming that Chrome has crashed.)
Build info: version: &#039;3.141.59&#039;, revision: &#039;e82be7d358&#039;, time: &#039;2018-11-14T08:17:03&#039;
System info: host: &#039;MacBook-Pro.local&#039;, ip: &#039;2603:7000:a800:f36:0:0:0:16e4%en0&#039;, os.name: &#039;Mac OS X&#039;, os.arch: &#039;x86_64&#039;, os.version: &#039;12.6.1&#039;, java.version: &#039;18.0.2.1&#039;
Driver info: driver.version: Driver
remote stacktrace: 0   chromedriver                        0x000000010740bae8 chromedriver + 4958952
1   chromedriver                        0x00000001074037b3 chromedriver + 4925363
2   chromedriver                        0x0000000106fc51d6 chromedriver + 475606
3   chromedriver                        0x0000000106ff149c chromedriver + 656540
4   chromedriver                        0x0000000106fed069 chromedriver + 639081
5   chromedriver                        0x00000001070386e9 chromedriver + 947945
6   chromedriver                        0x0000000107037a7f chromedriver + 944767
7   chromedriver                        0x000000010702e9e3 chromedriver + 907747
8   chromedriver                        0x0000000106ff8aef chromedriver + 686831
9   chromedriver                        0x0000000106ffa00e chromedriver + 692238
10  chromedriver                        0x00000001073c79ad chromedriver + 4680109
11  chromedriver                        0x00000001073ccc12 chromedriver + 4701202
12  chromedriver                        0x00000001073d379f chromedriver + 4728735
13  chromedriver                        0x00000001073cdb7a chromedriver + 4705146
14  chromedriver                        0x00000001073a027e chromedriver + 4518526
15  chromedriver                        0x00000001073ed908 chromedriver + 4835592
16  chromedriver                        0x00000001073eda87 chromedriver + 4835975
17  chromedriver                        0x00000001073fd00f chromedriver + 4898831
18  libsystem_pthread.dylib             0x00007ff807c4d4e1 _pthread_start + 125
19  libsystem_pthread.dylib             0x00007ff807c48f6b thread_start + 15
" type="org.openqa.selenium.WebDriverException">
      <![CDATA[org.openqa.selenium.WebDriverException: unknown error: Chrome failed to start: was killed.
  (chrome not reachable)
  (The process started from chrome location /Applications/Google Chrome.app/Contents/MacOS/Google Chrome is no longer running, so ChromeDriver is assuming that Chrome has crashed.)
Build info: version: '3.141.59', revision: 'e82be7d358', time: '2018-11-14T08:17:03'
System info: host: 'MacBook-Pro.local', ip: '2603:7000:a800:f36:0:0:0:16e4%en0', os.name: 'Mac OS X', os.arch: 'x86_64', os.version: '12.6.1', java.version: '18.0.2.1'
Driver info: driver.version: Driver
remote stacktrace: 0   chromedriver                        0x000000010740bae8 chromedriver + 4958952
1   chromedriver                        0x00000001074037b3 chromedriver + 4925363
2   chromedriver                        0x0000000106fc51d6 chromedriver + 475606
3   chromedriver                        0x0000000106ff149c chromedriver + 656540
4   chromedriver                        0x0000000106fed069 chromedriver + 639081
5   chromedriver                        0x00000001070386e9 chromedriver + 947945
6   chromedriver                        0x0000000107037a7f chromedriver + 944767
7   chromedriver                        0x000000010702e9e3 chromedriver + 907747
8   chromedriver                        0x0000000106ff8aef chromedriver + 686831
9   chromedriver                        0x0000000106ffa00e chromedriver + 692238
10  chromedriver                        0x00000001073c79ad chromedriver + 4680109
11  chromedriver                        0x00000001073ccc12 chromedriver + 4701202
12  chromedriver                        0x00000001073d379f chromedriver + 4728735
13  chromedriver                        0x00000001073cdb7a chromedriver + 4705146
14  chromedriver                        0x00000001073a027e chromedriver + 4518526
15  chromedriver                        0x00000001073ed908 chromedriver + 4835592
16  chromedriver                        0x00000001073eda87 chromedriver + 4835975
17  chromedriver                        0x00000001073fd00f chromedriver + 4898831
18  libsystem_pthread.dylib             0x00007ff807c4d4e1 _pthread_start + 125
19  libsystem_pthread.dylib             0x00007ff807c48f6b thread_start + 15

at java.base/jdk.internal.reflect.DirectConstructorHandleAccessor.newInstance(DirectConstructorHandleAccessor.java:67)
at java.base/java.lang.reflect.Constructor.newInstanceWithCaller(Constructor.java:499)
at java.base/java.lang.reflect.Constructor.newInstance(Constructor.java:483)
at org.openqa.selenium.remote.W3CHandshakeResponse.lambda$errorHandler$0(W3CHandshakeResponse.java:62)
at org.openqa.selenium.remote.HandshakeResponse.lambda$getResponseFunction$0(HandshakeResponse.java:30)
at org.openqa.selenium.remote.ProtocolHandshake.lambda$createSession$0(ProtocolHandshake.java:126)
at java.base/java.util.stream.ReferencePipeline$3$1.accept(ReferencePipeline.java:197)
at java.base/java.util.Spliterators$ArraySpliterator.tryAdvance(Spliterators.java:1002)
at java.base/java.util.stream.ReferencePipeline.forEachWithCancel(ReferencePipeline.java:129)
at java.base/java.util.stream.AbstractPipeline.copyIntoWithCancel(AbstractPipeline.java:527)
at java.base/java.util.stream.AbstractPipeline.copyInto(AbstractPipeline.java:513)
at java.base/java.util.stream.AbstractPipeline.wrapAndCopyInto(AbstractPipeline.java:499)
at java.base/java.util.stream.FindOps$FindOp.evaluateSequential(FindOps.java:150)
at java.base/java.util.stream.AbstractPipeline.evaluate(AbstractPipeline.java:234)
at java.base/java.util.stream.ReferencePipeline.findFirst(ReferencePipeline.java:647)
at org.openqa.selenium.remote.ProtocolHandshake.createSession(ProtocolHandshake.java:128)
at org.openqa.selenium.remote.ProtocolHandshake.createSession(ProtocolHandshake.java:74)
at org.openqa.selenium.remote.HttpCommandExecutor.execute(HttpCommandExecutor.java:136)
at org.openqa.selenium.remote.service.DriverCommandExecutor.execute(DriverCommandExecutor.java:83)
at org.openqa.selenium.remote.RemoteWebDriver.execute(RemoteWebDriver.java:552)
at org.openqa.selenium.remote.RemoteWebDriver.startSession(RemoteWebDriver.java:213)
at org.openqa.selenium.remote.RemoteWebDriver.<init>(RemoteWebDriver.java:131)
at org.openqa.selenium.chrome.ChromeDriver.<init>(ChromeDriver.java:181)
at org.openqa.selenium.chrome.ChromeDriver.<init>(ChromeDriver.java:168)
at org.openqa.selenium.chrome.ChromeDriver.<init>(ChromeDriver.java:123)
at utilities.Driver.getDriver(Driver.java:28)
at pageTest.LoginPageTest.beforeTest(LoginPageTest.java:17)
at java.base/jdk.internal.reflect.DirectMethodHandleAccessor.invoke(DirectMethodHandleAccessor.java:104)
at java.base/java.lang.reflect.Method.invoke(Method.java:577)
at org.testng.internal.invokers.MethodInvocationHelper.invokeMethod(MethodInvocationHelper.java:139)
at org.testng.internal.invokers.MethodInvocationHelper.invokeMethodConsideringTimeout(MethodInvocationHelper.java:69)
at org.testng.internal.invokers.ConfigInvoker.invokeConfigurationMethod(ConfigInvoker.java:361)
at org.testng.internal.invokers.ConfigInvoker.invokeConfigurations(ConfigInvoker.java:296)
at org.testng.internal.invokers.TestInvoker.runConfigMethods(TestInvoker.java:823)
at org.testng.internal.invokers.TestInvoker.invokeMethod(TestInvoker.java:590)
at org.testng.internal.invokers.TestInvoker.invokeTestMethod(TestInvoker.java:221)
at org.testng.internal.invokers.MethodRunner.runInSequence(MethodRunner.java:50)
at org.testng.internal.invokers.TestInvoker$MethodInvocationAgent.invoke(TestInvoker.java:969)
at org.testng.internal.invokers.TestInvoker.invokeTestMethods(TestInvoker.java:194)
at org.testng.internal.invokers.TestMethodWorker.invokeTestMethods(TestMethodWorker.java:148)
at org.testng.internal.invokers.TestMethodWorker.run(TestMethodWorker.java:128)
at java.base/java.util.concurrent.ThreadPoolExecutor.runWorker(ThreadPoolExecutor.java:1136)
at java.base/java.util.concurrent.ThreadPoolExecutor$Worker.run(ThreadPoolExecutor.java:635)
at java.base/java.lang.Thread.run(Thread.java:833)
]]>
    </error>
  </testcase> <!-- beforeTest -->
  <system-out/>
  <testcase classname="pageTest.LoginPageTest" name="loginSucessfullly" time="0.000">
    <skipped/>
  </testcase> <!-- loginSucessfullly -->
  <system-out/>
  <testcase classname="pageTest.LoginPageTest" name="loginFail" time="0.000">
    <skipped/>
  </testcase> <!-- loginFail -->
  <system-out/>
</testsuite> <!-- pageTest.LoginPageTest -->
