<?xml version="1.0" encoding="UTF-8"?>
<!-- Generated by org.testng.reporters.JUnitXMLReporter -->
<<<<<<< HEAD
<testsuite ignored="0" hostname="MacBook-Pro.local" failures="0" tests="5" name="Test" time="91.408" errors="0" timestamp="2023-04-13T20:10:22 EDT">
  <testcase classname="pageTest.LoginPageTest" name="loginSucessfullly" time="9.492"/>
  <testcase classname="pageTest.LoginPageTest" name="loginFail" time="3.684"/>
  <testcase classname="pageTest.HomePageTest" name="selectCountrySuccessfullly" time="10.189"/>
  <testcase classname="pageTest.HomePageTest" name="verifyALlSocialMedia" time="4.321"/>
  <testcase classname="pageTest.HomePageTest" name="verifyImageOnHP" time="12.96"/>
=======

<testsuite ignored="0" hostname="MacBook-Pro.local" failures="3" tests="5" name="Test" time="29.0" errors="0" timestamp="2023-04-13T01:50:57 EDT">
  <testcase classname="pageTest.LoginPageTest" name="@BeforeMethod beforeTest" time="11.421">
    <failure type="org.openqa.selenium.WebDriverException" message="unknown error: Chrome failed to start: was killed.
  (chrome not reachable)
  (The process started from chrome location /Applications/Google Chrome.app/Contents/MacOS/Google Chrome is no longer running, so ChromeDriver is assuming that Chrome has crashed.)
Build info: version: &amp;apos;3.141.59&amp;apos;, revision: &amp;apos;e82be7d358&amp;apos;, time: &amp;apos;2018-11-14T08:17:03&amp;apos;
System info: host: &amp;apos;MacBook-Pro.local&amp;apos;, ip: &amp;apos;2603:7000:a800:f36:0:0:0:16e4%en0&amp;apos;, os.name: &amp;apos;Mac OS X&amp;apos;, os.arch: &amp;apos;x86_64&amp;apos;, os.version: &amp;apos;12.6.1&amp;apos;, java.version: &amp;apos;18.0.2.1&amp;apos;
Driver info: driver.version: Driver
remote stacktrace: 0   chromedriver                        0x000000010740bae8 chromedriver + 4958952
1   chromedriver                        0x00000001074037b3 chromedriver + 4925363
2   chromedriver                        0x0000000106fc51d6 chromedriver + 475606
3   chromedriver                        0x0000000106ff149c chromedriver + 656540
4   chromedriver                        0x0000000106fed069 chromedriver + 639081
5   chromedriver                        0x00000001070386e9 chromedriver + 947945
6   chromedriver                        0x0000000107037a7f chromedriver + 944767
7   chromedriver                        0x000000010702e9e3 chromedriver + 907747
8   chromedriver                        0x0000000106ff8aef chromedriver + 686831
9   chromedriver                        0x0000000106ffa00e chromedriver + 692238
10  chromedriver                        0x00000001073c79ad chromedriver + 4680109
11  chromedriver                        0x00000001073ccc12 chromedriver + 4701202
12  chromedriver                        0x00000001073d379f chromedriver + 4728735
13  chromedriver                        0x00000001073cdb7a chromedriver + 4705146
14  chromedriver                        0x00000001073a027e chromedriver + 4518526
15  chromedriver                        0x00000001073ed908 chromedriver + 4835592
16  chromedriver                        0x00000001073eda87 chromedriver + 4835975
17  chromedriver                        0x00000001073fd00f chromedriver + 4898831
18  libsystem_pthread.dylib             0x00007ff807c4d4e1 _pthread_start + 125
19  libsystem_pthread.dylib             0x00007ff807c48f6b thread_start + 15
">
      <![CDATA[org.openqa.selenium.WebDriverException: unknown error: Chrome failed to start: was killed.
  (chrome not reachable)
  (The process started from chrome location /Applications/Google Chrome.app/Contents/MacOS/Google Chrome is no longer running, so ChromeDriver is assuming that Chrome has crashed.)
Build info: version: '3.141.59', revision: 'e82be7d358', time: '2018-11-14T08:17:03'
System info: host: 'MacBook-Pro.local', ip: '2603:7000:a800:f36:0:0:0:16e4%en0', os.name: 'Mac OS X', os.arch: 'x86_64', os.version: '12.6.1', java.version: '18.0.2.1'
Driver info: driver.version: Driver
remote stacktrace: 0   chromedriver                        0x000000010740bae8 chromedriver + 4958952
1   chromedriver                        0x00000001074037b3 chromedriver + 4925363
2   chromedriver                        0x0000000106fc51d6 chromedriver + 475606
3   chromedriver                        0x0000000106ff149c chromedriver + 656540
4   chromedriver                        0x0000000106fed069 chromedriver + 639081
5   chromedriver                        0x00000001070386e9 chromedriver + 947945
6   chromedriver                        0x0000000107037a7f chromedriver + 944767
7   chromedriver                        0x000000010702e9e3 chromedriver + 907747
8   chromedriver                        0x0000000106ff8aef chromedriver + 686831
9   chromedriver                        0x0000000106ffa00e chromedriver + 692238
10  chromedriver                        0x00000001073c79ad chromedriver + 4680109
11  chromedriver                        0x00000001073ccc12 chromedriver + 4701202
12  chromedriver                        0x00000001073d379f chromedriver + 4728735
13  chromedriver                        0x00000001073cdb7a chromedriver + 4705146
14  chromedriver                        0x00000001073a027e chromedriver + 4518526
15  chromedriver                        0x00000001073ed908 chromedriver + 4835592
16  chromedriver                        0x00000001073eda87 chromedriver + 4835975
17  chromedriver                        0x00000001073fd00f chromedriver + 4898831
18  libsystem_pthread.dylib             0x00007ff807c4d4e1 _pthread_start + 125
19  libsystem_pthread.dylib             0x00007ff807c48f6b thread_start + 15

at org.openqa.selenium.remote.W3CHandshakeResponse.lambda$errorHandler$0(W3CHandshakeResponse.java:62)
at org.openqa.selenium.remote.HandshakeResponse.lambda$getResponseFunction$0(HandshakeResponse.java:30)
at org.openqa.selenium.remote.ProtocolHandshake.lambda$createSession$0(ProtocolHandshake.java:126)
at java.base/java.util.stream.ReferencePipeline$3$1.accept(ReferencePipeline.java:197)
at java.base/java.util.Spliterators$ArraySpliterator.tryAdvance(Spliterators.java:1002)
at java.base/java.util.stream.ReferencePipeline.forEachWithCancel(ReferencePipeline.java:129)
at java.base/java.util.stream.AbstractPipeline.copyIntoWithCancel(AbstractPipeline.java:527)
at java.base/java.util.stream.AbstractPipeline.copyInto(AbstractPipeline.java:513)
at java.base/java.util.stream.AbstractPipeline.wrapAndCopyInto(AbstractPipeline.java:499)
at java.base/java.util.stream.FindOps$FindOp.evaluateSequential(FindOps.java:150)
at java.base/java.util.stream.AbstractPipeline.evaluate(AbstractPipeline.java:234)
at java.base/java.util.stream.ReferencePipeline.findFirst(ReferencePipeline.java:647)
at org.openqa.selenium.remote.ProtocolHandshake.createSession(ProtocolHandshake.java:128)
at org.openqa.selenium.remote.ProtocolHandshake.createSession(ProtocolHandshake.java:74)
at org.openqa.selenium.remote.HttpCommandExecutor.execute(HttpCommandExecutor.java:136)
at org.openqa.selenium.remote.service.DriverCommandExecutor.execute(DriverCommandExecutor.java:83)
at org.openqa.selenium.remote.RemoteWebDriver.execute(RemoteWebDriver.java:552)
at org.openqa.selenium.remote.RemoteWebDriver.startSession(RemoteWebDriver.java:213)
at org.openqa.selenium.remote.RemoteWebDriver.<init>(RemoteWebDriver.java:131)
at org.openqa.selenium.chrome.ChromeDriver.<init>(ChromeDriver.java:181)
at org.openqa.selenium.chrome.ChromeDriver.<init>(ChromeDriver.java:168)
at org.openqa.selenium.chrome.ChromeDriver.<init>(ChromeDriver.java:123)
at utilities.Driver.getDriver(Driver.java:28)
at pageTest.LoginPageTest.beforeTest(LoginPageTest.java:17)
at java.base/java.util.concurrent.ThreadPoolExecutor.runWorker(ThreadPoolExecutor.java:1136)
at java.base/java.util.concurrent.ThreadPoolExecutor$Worker.run(ThreadPoolExecutor.java:635)
at java.base/java.lang.Thread.run(Thread.java:833)
... Removed 17 stack frames]]>
    </failure>
  </testcase> <!-- @BeforeMethod beforeTest -->
  <testcase classname="pageTest.LoginPageTest" name="@AfterMethod tearDown" time="0.0">
    <skipped/>
  </testcase> <!-- @AfterMethod tearDown -->
  <testcase classname="pageTest.LoginPageTest" name="@AfterMethod tearDown" time="0.0">
    <skipped/>
  </testcase> <!-- @AfterMethod tearDown -->
  <testcase classname="pageTest.LoginPageTest" name="loginFail" time="0.0">
    <skipped/>
  </testcase> <!-- loginFail -->
  <testcase classname="pageTest.LoginPageTest" name="loginSucessfullly" time="0.0">
    <skipped/>
  </testcase> <!-- loginSucessfullly -->
  <testcase classname="pageTest.HomePageTest" name="verifyImageOnHP" time="2.087">
    <failure type="org.openqa.selenium.StaleElementReferenceException" message="stale element reference: element is not attached to the page document
  (Session info: chrome=112.0.5615.49)
For documentation on this error, please visit: https://www.seleniumhq.org/exceptions/stale_element_reference.html
Build info: version: &amp;apos;3.141.59&amp;apos;, revision: &amp;apos;e82be7d358&amp;apos;, time: &amp;apos;2018-11-14T08:17:03&amp;apos;
System info: host: &amp;apos;MacBook-Pro.local&amp;apos;, ip: &amp;apos;2603:7000:a800:f36:0:0:0:16e4%en0&amp;apos;, os.name: &amp;apos;Mac OS X&amp;apos;, os.arch: &amp;apos;x86_64&amp;apos;, os.version: &amp;apos;12.6.1&amp;apos;, java.version: &amp;apos;18.0.2.1&amp;apos;
Driver info: org.openqa.selenium.chrome.ChromeDriver
Capabilities {acceptInsecureCerts: false, browserName: chrome, browserVersion: 112.0.5615.49, chrome: {chromedriverVersion: 112.0.5615.49 (bd2a7bcb881c..., userDataDir: /var/folders/bb/22gbqwkd3_q...}, goog:chromeOptions: {debuggerAddress: localhost:55090}, javascriptEnabled: true, networkConnectionEnabled: false, pageLoadStrategy: normal, platform: MAC, platformName: MAC, proxy: Proxy(), setWindowRect: true, strictFileInteractability: false, timeouts: {implicit: 0, pageLoad: 300000, script: 30000}, unhandledPromptBehavior: dismiss and notify, webauthn:extension:credBlob: true, webauthn:extension:largeBlob: true, webauthn:extension:minPinLength: true, webauthn:extension:prf: true, webauthn:virtualAuthenticators: true}
Session ID: 3add19863e0ea53c5afd15f7cff1b1a6">
      <![CDATA[org.openqa.selenium.StaleElementReferenceException: stale element reference: element is not attached to the page document
  (Session info: chrome=112.0.5615.49)
For documentation on this error, please visit: https://www.seleniumhq.org/exceptions/stale_element_reference.html
Build info: version: '3.141.59', revision: 'e82be7d358', time: '2018-11-14T08:17:03'
System info: host: 'MacBook-Pro.local', ip: '2603:7000:a800:f36:0:0:0:16e4%en0', os.name: 'Mac OS X', os.arch: 'x86_64', os.version: '12.6.1', java.version: '18.0.2.1'
Driver info: org.openqa.selenium.chrome.ChromeDriver
Capabilities {acceptInsecureCerts: false, browserName: chrome, browserVersion: 112.0.5615.49, chrome: {chromedriverVersion: 112.0.5615.49 (bd2a7bcb881c..., userDataDir: /var/folders/bb/22gbqwkd3_q...}, goog:chromeOptions: {debuggerAddress: localhost:55090}, javascriptEnabled: true, networkConnectionEnabled: false, pageLoadStrategy: normal, platform: MAC, platformName: MAC, proxy: Proxy(), setWindowRect: true, strictFileInteractability: false, timeouts: {implicit: 0, pageLoad: 300000, script: 30000}, unhandledPromptBehavior: dismiss and notify, webauthn:extension:credBlob: true, webauthn:extension:largeBlob: true, webauthn:extension:minPinLength: true, webauthn:extension:prf: true, webauthn:virtualAuthenticators: true}
Session ID: 3add19863e0ea53c5afd15f7cff1b1a6

<testsuite ignored="0" hostname="DESKTOP-2I04UOU" failures="1" tests="4" name="Test" time="42.994" errors="0" timestamp="2023-04-09T10:56:05 EDT">
  <testcase classname="pageTest.ArtworksPageTest" name="verifyArtworksButton" time="5.894">
    <failure type="org.openqa.selenium.ElementClickInterceptedException" message="element click intercepted: Element &amp;lt;select class=&amp;quot;ais-SortBy-select&amp;quot;&amp;gt;...&amp;lt;/select&amp;gt; is not clickable at point (1250, 42). Other element would receive the click: &amp;lt;span class=&amp;quot;navigation__icon icon-user-account&amp;quot;&amp;gt;&amp;lt;/span&amp;gt;
  (Session info: chrome=111.0.5563.147)
Build info: version: &amp;apos;3.141.59&amp;apos;, revision: &amp;apos;e82be7d358&amp;apos;, time: &amp;apos;2018-11-14T08:17:03&amp;apos;
System info: host: &amp;apos;DESKTOP-2I04UOU&amp;apos;, ip: &amp;apos;192.168.1.228&amp;apos;, os.name: &amp;apos;Windows 10&amp;apos;, os.arch: &amp;apos;amd64&amp;apos;, os.version: &amp;apos;10.0&amp;apos;, java.version: &amp;apos;17.0.5&amp;apos;
Driver info: org.openqa.selenium.chrome.ChromeDriver
Capabilities {acceptInsecureCerts: false, browserName: chrome, browserVersion: 111.0.5563.147, chrome: {chromedriverVersion: 111.0.5563.64 (c710e93d5b63..., userDataDir: C:\Users\gamze\AppData\Loca...}, goog:chromeOptions: {debuggerAddress: localhost:53711}, javascriptEnabled: true, networkConnectionEnabled: false, pageLoadStrategy: normal, platform: WINDOWS, platformName: WINDOWS, proxy: Proxy(), setWindowRect: true, strictFileInteractability: false, timeouts: {implicit: 0, pageLoad: 300000, script: 30000}, unhandledPromptBehavior: dismiss and notify, webauthn:extension:credBlob: true, webauthn:extension:largeBlob: true, webauthn:extension:minPinLength: true, webauthn:extension:prf: true, webauthn:virtualAuthenticators: true}
Session ID: b1b404a05445b575ca73f4072defd10f">
      <![CDATA[org.openqa.selenium.ElementClickInterceptedException: element click intercepted: Element <select class="ais-SortBy-select">...</select> is not clickable at point (1250, 42). Other element would receive the click: <span class="navigation__icon icon-user-account"></span>
  (Session info: chrome=111.0.5563.147)
Build info: version: '3.141.59', revision: 'e82be7d358', time: '2018-11-14T08:17:03'
System info: host: 'DESKTOP-2I04UOU', ip: '192.168.1.228', os.name: 'Windows 10', os.arch: 'amd64', os.version: '10.0', java.version: '17.0.5'
Driver info: org.openqa.selenium.chrome.ChromeDriver
Capabilities {acceptInsecureCerts: false, browserName: chrome, browserVersion: 111.0.5563.147, chrome: {chromedriverVersion: 111.0.5563.64 (c710e93d5b63..., userDataDir: C:\Users\gamze\AppData\Loca...}, goog:chromeOptions: {debuggerAddress: localhost:53711}, javascriptEnabled: true, networkConnectionEnabled: false, pageLoadStrategy: normal, platform: WINDOWS, platformName: WINDOWS, proxy: Proxy(), setWindowRect: true, strictFileInteractability: false, timeouts: {implicit: 0, pageLoad: 300000, script: 30000}, unhandledPromptBehavior: dismiss and notify, webauthn:extension:credBlob: true, webauthn:extension:largeBlob: true, webauthn:extension:minPinLength: true, webauthn:extension:prf: true, webauthn:virtualAuthenticators: true}
Session ID: b1b404a05445b575ca73f4072defd10f

at org.openqa.selenium.remote.http.W3CHttpResponseCodec.createException(W3CHttpResponseCodec.java:187)
at org.openqa.selenium.remote.http.W3CHttpResponseCodec.decode(W3CHttpResponseCodec.java:122)
at org.openqa.selenium.remote.http.W3CHttpResponseCodec.decode(W3CHttpResponseCodec.java:49)
at org.openqa.selenium.remote.HttpCommandExecutor.execute(HttpCommandExecutor.java:158)
at org.openqa.selenium.remote.service.DriverCommandExecutor.execute(DriverCommandExecutor.java:83)
at org.openqa.selenium.remote.RemoteWebDriver.execute(RemoteWebDriver.java:552)
at org.openqa.selenium.remote.RemoteWebElement.execute(RemoteWebElement.java:285)

at org.openqa.selenium.remote.RemoteWebElement.getText(RemoteWebElement.java:166)
at utilities.CommonMethods.getElementsText(CommonMethods.java:344)
at pageObject.HomePage.slideImgOnHP(HomePage.java:108)
at pageTest.HomePageTest.verifyImageOnHP(HomePageTest.java:44)
at java.base/java.util.concurrent.ThreadPoolExecutor.runWorker(ThreadPoolExecutor.java:1136)
at java.base/java.util.concurrent.ThreadPoolExecutor$Worker.run(ThreadPoolExecutor.java:635)
at java.base/java.lang.Thread.run(Thread.java:833)
... Removed 13 stack frames]]>
    </failure>
  </testcase> <!-- verifyImageOnHP -->
  <testcase classname="pageTest.HomePageTest" name="verifyALlSocialMedia" time="6.605">
    <failure type="org.openqa.selenium.NoSuchElementException" message="Cannot locate an element using xpath=//*[@id=&amp;quot;app-container&amp;quot;]/footer/div[2]/section/div[1]/h4
For documentation on this error, please visit: https://www.seleniumhq.org/exceptions/no_such_element.html
Build info: version: &amp;apos;3.141.59&amp;apos;, revision: &amp;apos;e82be7d358&amp;apos;, time: &amp;apos;2018-11-14T08:17:03&amp;apos;
System info: host: &amp;apos;MacBook-Pro.local&amp;apos;, ip: &amp;apos;2603:7000:a800:f36:0:0:0:16e4%en0&amp;apos;, os.name: &amp;apos;Mac OS X&amp;apos;, os.arch: &amp;apos;x86_64&amp;apos;, os.version: &amp;apos;12.6.1&amp;apos;, java.version: &amp;apos;18.0.2.1&amp;apos;
Driver info: driver.version: RemoteWebDriver">
      <![CDATA[org.openqa.selenium.NoSuchElementException: Cannot locate an element using xpath=//*[@id="app-container"]/footer/div[2]/section/div[1]/h4
For documentation on this error, please visit: https://www.seleniumhq.org/exceptions/no_such_element.html
Build info: version: '3.141.59', revision: 'e82be7d358', time: '2018-11-14T08:17:03'
System info: host: 'MacBook-Pro.local', ip: '2603:7000:a800:f36:0:0:0:16e4%en0', os.name: 'Mac OS X', os.arch: 'x86_64', os.version: '12.6.1', java.version: '18.0.2.1'
Driver info: driver.version: RemoteWebDriver
at org.openqa.selenium.remote.RemoteWebDriver.findElement(RemoteWebDriver.java:327)
at org.openqa.selenium.remote.RemoteWebDriver.findElementByXPath(RemoteWebDriver.java:428)
at org.openqa.selenium.By$ByXPath.findElement(By.java:353)
at org.openqa.selenium.remote.RemoteWebDriver.findElement(RemoteWebDriver.java:315)
at org.openqa.selenium.support.pagefactory.DefaultElementLocator.findElement(DefaultElementLocator.java:69)
at org.openqa.selenium.support.pagefactory.internal.LocatingElementHandler.invoke(LocatingElementHandler.java:38)
at jdk.proxy2/jdk.proxy2.$Proxy12.getText(Unknown Source)
at pageObject.HomePage.followArtsperText(HomePage.java:77)
at pageTest.HomePageTest.verifyALlSocialMedia(HomePageTest.java:34)
at java.base/java.util.concurrent.ThreadPoolExecutor.runWorker(ThreadPoolExecutor.java:1136)
at java.base/java.util.concurrent.ThreadPoolExecutor$Worker.run(ThreadPoolExecutor.java:635)
at java.base/java.lang.Thread.run(Thread.java:833)
... Removed 10 stack frames]]>
    </failure>
  </testcase> <!-- verifyALlSocialMedia -->
  <testcase classname="pageTest.HomePageTest" name="selectCountrySuccessfullly" time="6.606">
    <failure type="org.openqa.selenium.NoSuchWindowException" message="no such window: target window already closed
from unknown error: web view not found
  (Session info: chrome=112.0.5615.49)
Build info: version: &amp;apos;3.141.59&amp;apos;, revision: &amp;apos;e82be7d358&amp;apos;, time: &amp;apos;2018-11-14T08:17:03&amp;apos;
System info: host: &amp;apos;MacBook-Pro.local&amp;apos;, ip: &amp;apos;2603:7000:a800:f36:0:0:0:16e4%en0&amp;apos;, os.name: &amp;apos;Mac OS X&amp;apos;, os.arch: &amp;apos;x86_64&amp;apos;, os.version: &amp;apos;12.6.1&amp;apos;, java.version: &amp;apos;18.0.2.1&amp;apos;
Driver info: org.openqa.selenium.chrome.ChromeDriver
Capabilities {acceptInsecureCerts: false, browserName: chrome, browserVersion: 112.0.5615.49, chrome: {chromedriverVersion: 112.0.5615.49 (bd2a7bcb881c..., userDataDir: /var/folders/bb/22gbqwkd3_q...}, goog:chromeOptions: {debuggerAddress: localhost:55090}, javascriptEnabled: true, networkConnectionEnabled: false, pageLoadStrategy: normal, platform: MAC, platformName: MAC, proxy: Proxy(), setWindowRect: true, strictFileInteractability: false, timeouts: {implicit: 0, pageLoad: 300000, script: 30000}, unhandledPromptBehavior: dismiss and notify, webauthn:extension:credBlob: true, webauthn:extension:largeBlob: true, webauthn:extension:minPinLength: true, webauthn:extension:prf: true, webauthn:virtualAuthenticators: true}
Session ID: 3add19863e0ea53c5afd15f7cff1b1a6
*** Element info: {Using=xpath, value=//*[@name=&amp;apos;app_customer_registration&amp;apos;]//a}">
      <![CDATA[org.openqa.selenium.NoSuchWindowException: no such window: target window already closed
from unknown error: web view not found
  (Session info: chrome=112.0.5615.49)
Build info: version: '3.141.59', revision: 'e82be7d358', time: '2018-11-14T08:17:03'
System info: host: 'MacBook-Pro.local', ip: '2603:7000:a800:f36:0:0:0:16e4%en0', os.name: 'Mac OS X', os.arch: 'x86_64', os.version: '12.6.1', java.version: '18.0.2.1'
Driver info: org.openqa.selenium.chrome.ChromeDriver
Capabilities {acceptInsecureCerts: false, browserName: chrome, browserVersion: 112.0.5615.49, chrome: {chromedriverVersion: 112.0.5615.49 (bd2a7bcb881c..., userDataDir: /var/folders/bb/22gbqwkd3_q...}, goog:chromeOptions: {debuggerAddress: localhost:55090}, javascriptEnabled: true, networkConnectionEnabled: false, pageLoadStrategy: normal, platform: MAC, platformName: MAC, proxy: Proxy(), setWindowRect: true, strictFileInteractability: false, timeouts: {implicit: 0, pageLoad: 300000, script: 30000}, unhandledPromptBehavior: dismiss and notify, webauthn:extension:credBlob: true, webauthn:extension:largeBlob: true, webauthn:extension:minPinLength: true, webauthn:extension:prf: true, webauthn:virtualAuthenticators: true}
Session ID: 3add19863e0ea53c5afd15f7cff1b1a6
*** Element info: {Using=xpath, value=//*[@name='app_customer_registration']//a}
at org.openqa.selenium.remote.http.W3CHttpResponseCodec.createException(W3CHttpResponseCodec.java:187)
at org.openqa.selenium.remote.http.W3CHttpResponseCodec.decode(W3CHttpResponseCodec.java:122)
at org.openqa.selenium.remote.http.W3CHttpResponseCodec.decode(W3CHttpResponseCodec.java:49)
at org.openqa.selenium.remote.HttpCommandExecutor.execute(HttpCommandExecutor.java:158)
at org.openqa.selenium.remote.service.DriverCommandExecutor.execute(DriverCommandExecutor.java:83)
at org.openqa.selenium.remote.RemoteWebDriver.execute(RemoteWebDriver.java:552)
at org.openqa.selenium.remote.RemoteWebDriver.findElement(RemoteWebDriver.java:323)
at org.openqa.selenium.remote.RemoteWebDriver.findElementByXPath(RemoteWebDriver.java:428)
at org.openqa.selenium.By$ByXPath.findElement(By.java:353)
at org.openqa.selenium.remote.RemoteWebDriver.findElement(RemoteWebDriver.java:315)
at org.openqa.selenium.support.pagefactory.DefaultElementLocator.findElement(DefaultElementLocator.java:69)
at org.openqa.selenium.support.pagefactory.internal.LocatingElementHandler.invoke(LocatingElementHandler.java:38)
at jdk.proxy2/jdk.proxy2.$Proxy12.click(Unknown Source)
at pageObject.LoginPage.loginSuccessfullyMethod(LoginPage.java:51)
at pageTest.HomePageTest.selectCountrySuccessfullly(HomePageTest.java:26)
at java.base/java.util.concurrent.ThreadPoolExecutor.runWorker(ThreadPoolExecutor.java:1136)
at java.base/java.util.concurrent.ThreadPoolExecutor$Worker.run(ThreadPoolExecutor.java:635)
at java.base/java.lang.Thread.run(Thread.java:833)
... Removed 13 stack frames]]>
    </failure>
  </testcase> <!-- selectCountrySuccessfullly -->

at org.openqa.selenium.remote.RemoteWebElement.click(RemoteWebElement.java:84)
at org.openqa.selenium.support.pagefactory.internal.LocatingElementHandler.invoke(LocatingElementHandler.java:51)
at jdk.proxy2/jdk.proxy2.$Proxy11.click(Unknown Source)
at pageObject.ArtworksPage.verifyArtworksButtonMethod(ArtworksPage.java:69)
at pageTest.ArtworksPageTest.verifyArtworksButton(ArtworksPageTest.java:20)
at java.base/java.util.ArrayList.forEach(ArrayList.java:1511)
... Removed 36 stack frames]]>
    </failure>
  </testcase> <!-- verifyArtworksButton -->
  <testcase classname="pageTest.ShoppingPageTest" name="buyArtworkMethod" time="6.393"/>
  <testcase classname="pageTest.ShoppingPageTest" name="loginSuccessfully" time="6.311"/>
  <testcase classname="pageTest.ShoppingPageTest" name="removeItemsMethod" time="8.348"/>

<testsuite ignored="0" hostname="DESKTOP-LSJ0LMF" failures="0" tests="5" name="Test" time="72.77" errors="0" timestamp="2023-04-09T10:53:55 EDT">
  <testcase classname="pageTest.BillingPageTestAysem" name="searchBar" time="20.473"/>
  <testcase classname="pageTest.BillingPageTestAysem" name="billingInformation" time="20.158"/>
  <testcase classname="pageTest.MyInformationTestAysem" name="personalInfoMethod" time="13.62"/>
  <testcase classname="pageTest.MyInformationTestAysem" name="budgetPreference" time="0.137"/>
  <testcase classname="pageTest.PDFPageTestAysem" name="windowHandle" time="0.947"/>

>>>>>>> c0cd132c33bee60e7a2369975f642e7165e6c947
</testsuite> <!-- Test -->
